Running: C:\Xilinx\14.7\ISE_DS\ISE\bin\nt64\unwrapped\fuse.exe -intstyle ise -incremental -o C:/Users/suvra/OneDrive/Desktop/Competitive Programming/UCSTA/VHDL Xilinx/mux4x1_struct/mux4x1_struct_tb_isim_beh.exe -prj C:/Users/suvra/OneDrive/Desktop/Competitive Programming/UCSTA/VHDL Xilinx/mux4x1_struct/mux4x1_struct_tb_beh.prj work.mux4x1_struct_tb 
ISim P.20131013 (signature 0x7708f090)
Number of CPUs detected in this system: 8
Turning on mult-threading, number of parallel sub-compilation jobs: 16 
Determining compilation order of HDL files
Parsing VHDL file "C:/Users/suvra/OneDrive/Desktop/Competitive Programming/UCSTA/VHDL Xilinx/mux4x1_struct/MUX2x1.vhd" into library work
Parsing VHDL file "C:/Users/suvra/OneDrive/Desktop/Competitive Programming/UCSTA/VHDL Xilinx/mux4x1_struct/MUX4x1_struct.vhd" into library work
Parsing VHDL file "C:/Users/suvra/OneDrive/Desktop/Competitive Programming/UCSTA/VHDL Xilinx/mux4x1_struct/MUX4x1_struct_tb.vhd" into library work
Starting static elaboration
Completed static elaboration
Compiling package standard
Compiling package std_logic_1164
Compiling package std_logic_arith
Compiling package std_logic_unsigned
Compiling package textio
Compiling package std_logic_textio
Compiling architecture mux2x1_arch of entity mux2x1 [mux2x1_default]
Compiling architecture structural of entity mux4x1_struct_src [mux4x1_struct_src_default]
Compiling architecture testbench_arch of entity mux4x1_struct_tb
Time Resolution for simulation is 1ps.
Waiting for 1 sub-compilation(s) to finish...
Compiled 11 VHDL Units
Built simulation executable C:/Users/suvra/OneDrive/Desktop/Competitive Programming/UCSTA/VHDL Xilinx/mux4x1_struct/mux4x1_struct_tb_isim_beh.exe
Fuse Memory Usage: 35112 KB
Fuse CPU Usage: 531 ms
