Release 14.7 - xst P.20131013 (nt64)
Copyright (c) 1995-2013 Xilinx, Inc.  All rights reserved.
--> Parameter TMPDIR set to xst/projnav.tmp


Total REAL time to Xst completion: 0.00 secs
Total CPU time to Xst completion: 0.14 secs
 
--> Parameter xsthdpdir set to xst


Total REAL time to Xst completion: 0.00 secs
Total CPU time to Xst completion: 0.14 secs
 
--> Reading design: Counter_UD.prj

TABLE OF CONTENTS
  1) Synthesis Options Summary
  2) HDL Compilation
  3) Design Hierarchy Analysis
  4) HDL Analysis
  5) HDL Synthesis
     5.1) HDL Synthesis Report
  6) Advanced HDL Synthesis
     6.1) Advanced HDL Synthesis Report
  7) Low Level Synthesis
  8) Partition Report
  9) Final Report
	9.1) Device utilization summary
	9.2) Partition Resource Summary
	9.3) TIMING REPORT


=========================================================================
*                      Synthesis Options Summary                        *
=========================================================================
---- Source Parameters
Input File Name                    : "Counter_UD.prj"
Input Format                       : mixed
Ignore Synthesis Constraint File   : NO

---- Target Parameters
Output File Name                   : "Counter_UD"
Output Format                      : NGC
Target Device                      : xc3s100e-4-vq100

---- Source Options
Top Module Name                    : Counter_UD
Automatic FSM Extraction           : YES
FSM Encoding Algorithm             : Auto
Safe Implementation                : No
FSM Style                          : LUT
RAM Extraction                     : Yes
RAM Style                          : Auto
ROM Extraction                     : Yes
Mux Style                          : Auto
Decoder Extraction                 : YES
Priority Encoder Extraction        : Yes
Shift Register Extraction          : YES
Logical Shifter Extraction         : YES
XOR Collapsing                     : YES
ROM Style                          : Auto
Mux Extraction                     : Yes
Resource Sharing                   : YES
Asynchronous To Synchronous        : NO
Multiplier Style                   : Auto
Automatic Register Balancing       : No

---- Target Options
Add IO Buffers                     : YES
Global Maximum Fanout              : 100000
Add Generic Clock Buffer(BUFG)     : 24
Register Duplication               : YES
Slice Packing                      : YES
Optimize Instantiated Primitives   : NO
Use Clock Enable                   : Yes
Use Synchronous Set                : Yes
Use Synchronous Reset              : Yes
Pack IO Registers into IOBs        : Auto
Equivalent register Removal        : YES

---- General Options
Optimization Goal                  : Speed
Optimization Effort                : 1
Keep Hierarchy                     : No
Netlist Hierarchy                  : As_Optimized
RTL Output                         : Yes
Global Optimization                : AllClockNets
Read Cores                         : YES
Write Timing Constraints           : NO
Cross Clock Analysis               : NO
Hierarchy Separator                : /
Bus Delimiter                      : <>
Case Specifier                     : Maintain
Slice Utilization Ratio            : 100
BRAM Utilization Ratio             : 100
Verilog 2001                       : YES
Auto BRAM Packing                  : NO
Slice Utilization Ratio Delta      : 5

=========================================================================


=========================================================================
*                          HDL Compilation                              *
=========================================================================
Compiling vhdl file "E:/VHDL_Projects/Rough_Work/Counter_UP_DWN_4b_STRCTL/JK_FF.vhd" in Library work.
Architecture jk_ff_arch of Entity jk_ff is up to date.
Compiling vhdl file "E:/VHDL_Projects/Rough_Work/Counter_UP_DWN_4b_STRCTL/Control_Block.vhd" in Library work.
Architecture behavioral of Entity control_block is up to date.
Compiling vhdl file "E:/VHDL_Projects/Rough_Work/Counter_UP_DWN_4b_STRCTL/Counter_UD.vhd" in Library work.
Architecture counter_ud_arch of Entity counter_ud is up to date.

=========================================================================
*                     Design Hierarchy Analysis                         *
=========================================================================
Analyzing hierarchy for entity <Counter_UD> in library <work> (architecture <counter_ud_arch>).

Analyzing hierarchy for entity <JK_FF> in library <work> (architecture <jk_ff_arch>).

Analyzing hierarchy for entity <Control_Block> in library <work> (architecture <behavioral>).


=========================================================================
*                            HDL Analysis                               *
=========================================================================
Analyzing Entity <Counter_UD> in library <work> (Architecture <counter_ud_arch>).
Entity <Counter_UD> analyzed. Unit <Counter_UD> generated.

Analyzing Entity <JK_FF> in library <work> (Architecture <jk_ff_arch>).
Entity <JK_FF> analyzed. Unit <JK_FF> generated.

Analyzing Entity <Control_Block> in library <work> (Architecture <behavioral>).
Entity <Control_Block> analyzed. Unit <Control_Block> generated.


=========================================================================
*                           HDL Synthesis                               *
=========================================================================

Performing bidirectional port resolution...

Synthesizing Unit <JK_FF>.
    Related source file is "E:/VHDL_Projects/Rough_Work/Counter_UP_DWN_4b_STRCTL/JK_FF.vhd".
INFO:Xst:1608 - Relative priorities of control signals on register <tmp> differ from those commonly found in the selected device family. This will result in additional logic around the register.
    Found 1-bit register for signal <tmp>.
    Summary:
	inferred   1 D-type flip-flop(s).
Unit <JK_FF> synthesized.


Synthesizing Unit <Control_Block>.
    Related source file is "E:/VHDL_Projects/Rough_Work/Counter_UP_DWN_4b_STRCTL/Control_Block.vhd".
Unit <Control_Block> synthesized.


Synthesizing Unit <Counter_UD>.
    Related source file is "E:/VHDL_Projects/Rough_Work/Counter_UP_DWN_4b_STRCTL/Counter_UD.vhd".
Unit <Counter_UD> synthesized.


=========================================================================
HDL Synthesis Report

Macro Statistics
# Registers                                            : 4
 1-bit register                                        : 4

=========================================================================

=========================================================================
*                       Advanced HDL Synthesis                          *
=========================================================================


=========================================================================
Advanced HDL Synthesis Report

Macro Statistics
# Registers                                            : 4
 Flip-Flops                                            : 4

=========================================================================

=========================================================================
*                         Low Level Synthesis                           *
=========================================================================

Optimizing unit <Counter_UD> ...

Mapping all equations...
Building and optimizing final netlist ...
Found area constraint ratio of 100 (+ 5) on block Counter_UD, actual ratio is 0.

Final Macro Processing ...

=========================================================================
Final Register Report

Macro Statistics
# Registers                                            : 4
 Flip-Flops                                            : 4

=========================================================================

=========================================================================
*                           Partition Report                            *
=========================================================================

Partition Implementation Status
-------------------------------

  No Partitions were found in this design.

-------------------------------

=========================================================================
*                            Final Report                               *
=========================================================================
Final Results
RTL Top Level Output File Name     : Counter_UD.ngr
Top Level Output File Name         : Counter_UD
Output Format                      : NGC
Optimization Goal                  : Speed
Keep Hierarchy                     : No

Design Statistics
# IOs                              : 12

Cell Usage :
# BELS                             : 9
#      INV                         : 4
#      LUT2                        : 4
#      VCC                         : 1
# FlipFlops/Latches                : 4
#      FDCPE                       : 4
# Clock Buffers                    : 1
#      BUFGP                       : 1
# IO Buffers                       : 11
#      IBUF                        : 3
#      OBUF                        : 8
=========================================================================

Device utilization summary:
---------------------------

Selected Device : 3s100evq100-4 

 Number of Slices:                        4  out of    960     0%  
 Number of Slice Flip Flops:              4  out of   1920     0%  
 Number of 4 input LUTs:                  8  out of   1920     0%  
 Number of IOs:                          12
 Number of bonded IOBs:                  12  out of     66    18%  
 Number of GCLKs:                         1  out of     24     4%  

---------------------------
Partition Resource Summary:
---------------------------

  No Partitions were found in this design.

---------------------------


=========================================================================
TIMING REPORT

NOTE: THESE TIMING NUMBERS ARE ONLY A SYNTHESIS ESTIMATE.
      FOR ACCURATE TIMING INFORMATION PLEASE REFER TO THE TRACE REPORT
      GENERATED AFTER PLACE-and-ROUTE.

Clock Information:
------------------
-----------------------------------+------------------------+-------+
Clock Signal                       | Clock buffer(FF name)  | Load  |
-----------------------------------+------------------------+-------+
CLK<2>(T5/Y1:O)                    | NONE(*)(T6/tmp)        | 1     |
CLK<1>(T3/Y1:O)                    | NONE(*)(T4/tmp)        | 1     |
CLK<0>(T1/Y1:O)                    | NONE(*)(T2/tmp)        | 1     |
CLOCK                              | BUFGP                  | 1     |
-----------------------------------+------------------------+-------+
(*) These 3 clock signal(s) are generated by combinatorial logic,
and XST is not able to identify which are the primary clock signals.
Please use the CLOCK_SIGNAL constraint to specify the clock signal(s) generated by combinatorial logic.
INFO:Xst:2169 - HDL ADVISOR - Some clock signals were not automatically buffered by XST with BUFG/BUFR resources. Please use the buffer_type constraint in order to insert these buffers to the clock signals to help prevent skew problems.

Asynchronous Control Signals Information:
----------------------------------------
-----------------------------------+------------------------+-------+
Control Signal                     | Buffer(FF name)        | Load  |
-----------------------------------+------------------------+-------+
SET                                | IBUF                   | 4     |
T0/tmp_and0000(T0/tmp_and00001:O)  | NONE(T0/tmp)           | 4     |
-----------------------------------+------------------------+-------+

Timing Summary:
---------------
Speed Grade: -4

   Minimum period: 2.581ns (Maximum Frequency: 387.447MHz)
   Minimum input arrival time before clock: No path found
   Maximum output required time after clock: 5.545ns
   Maximum combinational path delay: No path found

Timing Detail:
--------------
All values displayed in nanoseconds (ns)

=========================================================================
Timing constraint: Default period analysis for Clock 'CLK<2>'
  Clock period: 2.497ns (frequency: 400.481MHz)
  Total number of paths / destination ports: 1 / 1
-------------------------------------------------------------------------
Delay:               2.497ns (Levels of Logic = 1)
  Source:            T6/tmp (FF)
  Destination:       T6/tmp (FF)
  Source Clock:      CLK<2> rising
  Destination Clock: CLK<2> rising

  Data Path: T6/tmp to T6/tmp
                                Gate     Net
    Cell:in->out      fanout   Delay   Delay  Logical Name (Net Name)
    ----------------------------------------  ------------
     FDCPE:C->Q            2   0.591   0.447  T6/tmp (T6/tmp)
     INV:I->O              2   0.704   0.447  Qb<3>1_INV_0 (Qb_3_OBUF)
     FDCPE:D                   0.308          T6/tmp
    ----------------------------------------
    Total                      2.497ns (1.603ns logic, 0.894ns route)
                                       (64.2% logic, 35.8% route)

=========================================================================
Timing constraint: Default period analysis for Clock 'CLK<1>'
  Clock period: 2.581ns (frequency: 387.447MHz)
  Total number of paths / destination ports: 1 / 1
-------------------------------------------------------------------------
Delay:               2.581ns (Levels of Logic = 1)
  Source:            T4/tmp (FF)
  Destination:       T4/tmp (FF)
  Source Clock:      CLK<1> rising
  Destination Clock: CLK<1> rising

  Data Path: T4/tmp to T4/tmp
                                Gate     Net
    Cell:in->out      fanout   Delay   Delay  Logical Name (Net Name)
    ----------------------------------------  ------------
     FDCPE:C->Q            3   0.591   0.531  T4/tmp (T4/tmp)
     INV:I->O              2   0.704   0.447  Qb<2>1_INV_0 (Qb_2_OBUF)
     FDCPE:D                   0.308          T4/tmp
    ----------------------------------------
    Total                      2.581ns (1.603ns logic, 0.978ns route)
                                       (62.1% logic, 37.9% route)

=========================================================================
Timing constraint: Default period analysis for Clock 'CLK<0>'
  Clock period: 2.581ns (frequency: 387.447MHz)
  Total number of paths / destination ports: 1 / 1
-------------------------------------------------------------------------
Delay:               2.581ns (Levels of Logic = 1)
  Source:            T2/tmp (FF)
  Destination:       T2/tmp (FF)
  Source Clock:      CLK<0> rising
  Destination Clock: CLK<0> rising

  Data Path: T2/tmp to T2/tmp
                                Gate     Net
    Cell:in->out      fanout   Delay   Delay  Logical Name (Net Name)
    ----------------------------------------  ------------
     FDCPE:C->Q            3   0.591   0.531  T2/tmp (T2/tmp)
     INV:I->O              2   0.704   0.447  Qb<1>1_INV_0 (Qb_1_OBUF)
     FDCPE:D                   0.308          T2/tmp
    ----------------------------------------
    Total                      2.581ns (1.603ns logic, 0.978ns route)
                                       (62.1% logic, 37.9% route)

=========================================================================
Timing constraint: Default period analysis for Clock 'CLOCK'
  Clock period: 2.581ns (frequency: 387.447MHz)
  Total number of paths / destination ports: 1 / 1
-------------------------------------------------------------------------
Delay:               2.581ns (Levels of Logic = 1)
  Source:            T0/tmp (FF)
  Destination:       T0/tmp (FF)
  Source Clock:      CLOCK rising
  Destination Clock: CLOCK rising

  Data Path: T0/tmp to T0/tmp
                                Gate     Net
    Cell:in->out      fanout   Delay   Delay  Logical Name (Net Name)
    ----------------------------------------  ------------
     FDCPE:C->Q            3   0.591   0.531  T0/tmp (T0/tmp)
     INV:I->O              2   0.704   0.447  Qb<0>1_INV_0 (Qb_0_OBUF)
     FDCPE:D                   0.308          T0/tmp
    ----------------------------------------
    Total                      2.581ns (1.603ns logic, 0.978ns route)
                                       (62.1% logic, 37.9% route)

=========================================================================
Timing constraint: Default OFFSET OUT AFTER for Clock 'CLK<2>'
  Total number of paths / destination ports: 2 / 2
-------------------------------------------------------------------------
Offset:              5.461ns (Levels of Logic = 2)
  Source:            T6/tmp (FF)
  Destination:       Qb<3> (PAD)
  Source Clock:      CLK<2> rising

  Data Path: T6/tmp to Qb<3>
                                Gate     Net
    Cell:in->out      fanout   Delay   Delay  Logical Name (Net Name)
    ----------------------------------------  ------------
     FDCPE:C->Q            2   0.591   0.447  T6/tmp (T6/tmp)
     INV:I->O              2   0.704   0.447  Qb<3>1_INV_0 (Qb_3_OBUF)
     OBUF:I->O                 3.272          Qb_3_OBUF (Qb<3>)
    ----------------------------------------
    Total                      5.461ns (4.567ns logic, 0.894ns route)
                                       (83.6% logic, 16.4% route)

=========================================================================
Timing constraint: Default OFFSET OUT AFTER for Clock 'CLK<1>'
  Total number of paths / destination ports: 2 / 2
-------------------------------------------------------------------------
Offset:              5.545ns (Levels of Logic = 2)
  Source:            T4/tmp (FF)
  Destination:       Qb<2> (PAD)
  Source Clock:      CLK<1> rising

  Data Path: T4/tmp to Qb<2>
                                Gate     Net
    Cell:in->out      fanout   Delay   Delay  Logical Name (Net Name)
    ----------------------------------------  ------------
     FDCPE:C->Q            3   0.591   0.531  T4/tmp (T4/tmp)
     INV:I->O              2   0.704   0.447  Qb<2>1_INV_0 (Qb_2_OBUF)
     OBUF:I->O                 3.272          Qb_2_OBUF (Qb<2>)
    ----------------------------------------
    Total                      5.545ns (4.567ns logic, 0.978ns route)
                                       (82.4% logic, 17.6% route)

=========================================================================
Timing constraint: Default OFFSET OUT AFTER for Clock 'CLK<0>'
  Total number of paths / destination ports: 2 / 2
-------------------------------------------------------------------------
Offset:              5.545ns (Levels of Logic = 2)
  Source:            T2/tmp (FF)
  Destination:       Qb<1> (PAD)
  Source Clock:      CLK<0> rising

  Data Path: T2/tmp to Qb<1>
                                Gate     Net
    Cell:in->out      fanout   Delay   Delay  Logical Name (Net Name)
    ----------------------------------------  ------------
     FDCPE:C->Q            3   0.591   0.531  T2/tmp (T2/tmp)
     INV:I->O              2   0.704   0.447  Qb<1>1_INV_0 (Qb_1_OBUF)
     OBUF:I->O                 3.272          Qb_1_OBUF (Qb<1>)
    ----------------------------------------
    Total                      5.545ns (4.567ns logic, 0.978ns route)
                                       (82.4% logic, 17.6% route)

=========================================================================
Timing constraint: Default OFFSET OUT AFTER for Clock 'CLOCK'
  Total number of paths / destination ports: 2 / 2
-------------------------------------------------------------------------
Offset:              5.545ns (Levels of Logic = 2)
  Source:            T0/tmp (FF)
  Destination:       Qb<0> (PAD)
  Source Clock:      CLOCK rising

  Data Path: T0/tmp to Qb<0>
                                Gate     Net
    Cell:in->out      fanout   Delay   Delay  Logical Name (Net Name)
    ----------------------------------------  ------------
     FDCPE:C->Q            3   0.591   0.531  T0/tmp (T0/tmp)
     INV:I->O              2   0.704   0.447  Qb<0>1_INV_0 (Qb_0_OBUF)
     OBUF:I->O                 3.272          Qb_0_OBUF (Qb<0>)
    ----------------------------------------
    Total                      5.545ns (4.567ns logic, 0.978ns route)
                                       (82.4% logic, 17.6% route)

=========================================================================


Total REAL time to Xst completion: 6.00 secs
Total CPU time to Xst completion: 5.70 secs
 
--> 

Total memory usage is 4496960 kilobytes

Number of errors   :    0 (   0 filtered)
Number of warnings :    0 (   0 filtered)
Number of infos    :    2 (   0 filtered)

