Running: C:\Xilinx\14.7\ISE_DS\ISE\bin\nt64\unwrapped\fuse.exe -intstyle ise -incremental -o C:/Users/suvra/OneDrive/Desktop/Competitive Programming/UCSTA/VHDL Xilinx/Counter_UP_DOWN_4bit_Sync_Struct/Counter_UD_SYNC_STRCTL_TB_isim_beh.exe -prj C:/Users/suvra/OneDrive/Desktop/Competitive Programming/UCSTA/VHDL Xilinx/Counter_UP_DOWN_4bit_Sync_Struct/Counter_UD_SYNC_STRCTL_TB_beh.prj work.Counter_UD_SYNC_STRCTL_TB 
ISim P.20131013 (signature 0x7708f090)
Number of CPUs detected in this system: 8
Turning on mult-threading, number of parallel sub-compilation jobs: 16 
Determining compilation order of HDL files
Parsing VHDL file "C:/Users/suvra/OneDrive/Desktop/Competitive Programming/UCSTA/VHDL Xilinx/Counter_UP_DOWN_4bit_Sync_Struct/JK_FF.vhd" into library work
Parsing VHDL file "C:/Users/suvra/OneDrive/Desktop/Competitive Programming/UCSTA/VHDL Xilinx/Counter_UP_DOWN_4bit_Sync_Struct/CTRL_BLK.vhd" into library work
Parsing VHDL file "C:/Users/suvra/OneDrive/Desktop/Competitive Programming/UCSTA/VHDL Xilinx/Counter_UP_DOWN_4bit_Sync_Struct/Counter_UP_DOWN_4bit_Sync_src.vhd" into library work
Parsing VHDL file "C:/Users/suvra/OneDrive/Desktop/Competitive Programming/UCSTA/VHDL Xilinx/Counter_UP_DOWN_4bit_Sync_Struct/Counter_UP_DOWN_4bit_Sync_tb.vhd" into library work
Starting static elaboration
Completed static elaboration
Compiling package standard
Compiling package std_logic_1164
Compiling architecture jk_ff_arch of entity JK_FF [jk_ff_default]
Compiling architecture behavioral of entity CTRL_BLK [ctrl_blk_default]
Compiling architecture structural of entity Counter_UP_DOWN_4bit_Sync_src [counter_up_down_4bit_sync_src_de...]
Compiling architecture behavior of entity counter_ud_sync_strctl_tb
Time Resolution for simulation is 1ps.
Waiting for 1 sub-compilation(s) to finish...
Compiled 9 VHDL Units
Built simulation executable C:/Users/suvra/OneDrive/Desktop/Competitive Programming/UCSTA/VHDL Xilinx/Counter_UP_DOWN_4bit_Sync_Struct/Counter_UD_SYNC_STRCTL_TB_isim_beh.exe
Fuse Memory Usage: 29516 KB
Fuse CPU Usage: 546 ms
