Command line:
   SevenSegmentDecoder_struct_tb_isim_beh.exe
     -simmode  gui
     -simrunnum  0
     -socket  65448

Fri Aug 27 01:47:21 2021


 Elaboration Time: 0.078125 sec

 Current Memory Usage: 5150.67 Meg

 Total Signals          : 141
 Total Nets             : 37
 Total Signal Drivers   : 32
 Total Blocks           : 43
 Total Primitive Blocks : 34
 Total Processes        : 32
 Total Traceable Variables  : 10
 Total Scalar Nets and Variables : 415
Total Line Count : 72

 Total Simulation Time: 0.125 sec

 Current Memory Usage: 4993.38 Meg

Fri Aug 27 01:48:32 2021

