Command line:
   Counter_UP_DOWN_4bit_Sync_src_isim_beh.exe
     -simmode  gui
     -simrunnum  0
     -socket  65256

Thu Aug 19 20:22:37 2021


 Elaboration Time: 0.078125 sec

 Current Memory Usage: 5150.56 Meg

 Total Signals          : 68
 Total Nets             : 34
 Total Signal Drivers   : 25
 Total Blocks           : 9
 Total Primitive Blocks : 8
 Total Processes        : 21
 Total Traceable Variables  : 8
 Total Scalar Nets and Variables : 394
Total Line Count : 73

 Total Simulation Time: 0.109375 sec

 Current Memory Usage: 5150.56 Meg

Thu Aug 19 20:22:46 2021

