Command line:
   TrafficLightSim_tb_isim_beh.exe
     -simmode  gui
     -simrunnum  0
     -socket  61701

Sun Jul 04 20:39:52 2021


 Elaboration Time: 0.046875 sec

 Current Memory Usage: 5150.03 Meg

 Total Signals          : 12
 Total Nets             : 7
 Total Signal Drivers   : 7
 Total Blocks           : 5
 Total Primitive Blocks : 4
 Total Processes        : 4
 Total Traceable Variables  : 11
 Total Scalar Nets and Variables : 386
Total Line Count : 25

 Total Simulation Time: 0.15625 sec

 Current Memory Usage: 5464.6 Meg

Sun Jul 04 20:40:31 2021

