Command line:
   Traffic_Signal_TB_isim_beh.exe
     -simmode  gui
     -simrunnum  0
     -socket  50219

Mon Jul 05 13:37:37 2021


 Elaboration Time: 0.0625 sec

 Current Memory Usage: 5150.09 Meg

 Total Signals          : 13
 Total Nets             : 11
 Total Signal Drivers   : 7
 Total Blocks           : 5
 Total Primitive Blocks : 4
 Total Processes        : 3
 Total Traceable Variables  : 11
 Total Scalar Nets and Variables : 390
Total Line Count : 38

 Total Simulation Time: 0.34375 sec

 Current Memory Usage: 4678.23 Meg

Mon Jul 05 13:41:01 2021

