Running: C:\Xilinx\14.7\ISE_DS\ISE\bin\nt64\unwrapped\fuse.exe -intstyle ise -incremental -o C:/Users/suvra/OneDrive/Desktop/Competitive Programming/UCSTA/VHDL Xilinx/TrafficLightSim/TrafficLightSim_tb_isim_beh.exe -prj C:/Users/suvra/OneDrive/Desktop/Competitive Programming/UCSTA/VHDL Xilinx/TrafficLightSim/TrafficLightSim_tb_beh.prj work.TrafficLightSim_tb 
ISim P.20131013 (signature 0x7708f090)
Number of CPUs detected in this system: 8
Turning on mult-threading, number of parallel sub-compilation jobs: 16 
Determining compilation order of HDL files
Parsing VHDL file "C:/Users/suvra/OneDrive/Desktop/Competitive Programming/UCSTA/VHDL Xilinx/TrafficLightSim/TrafficLightSim.vhd" into library work
Parsing VHDL file "C:/Users/suvra/OneDrive/Desktop/Competitive Programming/UCSTA/VHDL Xilinx/TrafficLightSim/TrafficLightSim_tb.vhd" into library work
Starting static elaboration
Completed static elaboration
Compiling package standard
Compiling package std_logic_1164
Compiling package std_logic_arith
Compiling package std_logic_unsigned
Compiling architecture fsm of entity traffic_light [traffic_light_default]
Compiling architecture behavior of entity trafficlightsim_tb
Time Resolution for simulation is 1ps.
Compiled 7 VHDL Units
Built simulation executable C:/Users/suvra/OneDrive/Desktop/Competitive Programming/UCSTA/VHDL Xilinx/TrafficLightSim/TrafficLightSim_tb_isim_beh.exe
Fuse Memory Usage: 34716 KB
Fuse CPU Usage: 593 ms
