Command line:
   mux4x1_dataflow_src_isim_beh.exe
     -simmode  gui
     -simrunnum  0
     -socket  63346

Sun Jul 04 18:39:55 2021


 Elaboration Time: 0.03125 sec

 Current Memory Usage: 5150.06 Meg

 Total Signals          : 9
 Total Nets             : 13
 Total Signal Drivers   : 7
 Total Blocks           : 4
 Total Primitive Blocks : 4
 Total Processes        : 7
 Total Traceable Variables  : 10
 Total Scalar Nets and Variables : 391
Total Line Count : 7

 Total Simulation Time: 0.078125 sec

 Current Memory Usage: 4678.21 Meg

Sun Jul 04 18:42:37 2021

