Running: C:\Xilinx\14.7\ISE_DS\ISE\bin\nt64\unwrapped\fuse.exe -intstyle ise -incremental -o C:/Users/suvra/OneDrive/Desktop/Competitive Programming/UCSTA/VHDL Xilinx/mux4x1_dataflow/mux4x1_dataflow_tb_isim_beh.exe -prj C:/Users/suvra/OneDrive/Desktop/Competitive Programming/UCSTA/VHDL Xilinx/mux4x1_dataflow/mux4x1_dataflow_tb_beh.prj work.mux4x1_dataflow_tb 
ISim P.20131013 (signature 0x7708f090)
Number of CPUs detected in this system: 8
Turning on mult-threading, number of parallel sub-compilation jobs: 16 
Determining compilation order of HDL files
Parsing VHDL file "C:/Users/suvra/OneDrive/Desktop/Competitive Programming/UCSTA/VHDL Xilinx/mux4x1_dataflow/mux4x1_dataflow_src.vhd" into library work
Parsing VHDL file "C:/Users/suvra/OneDrive/Desktop/Competitive Programming/UCSTA/VHDL Xilinx/mux4x1_dataflow/MUX4x1_dataflow_tb.vhd" into library work
Starting static elaboration
Completed static elaboration
Compiling package standard
Compiling package std_logic_1164
Compiling package std_logic_arith
Compiling package std_logic_unsigned
Compiling package textio
Compiling package std_logic_textio
Compiling architecture dataflow of entity mux4x1_dataflow_src [mux4x1_dataflow_src_default]
Compiling architecture testbench_arch of entity mux4x1_dataflow_tb
Time Resolution for simulation is 1ps.
Waiting for 1 sub-compilation(s) to finish...
Compiled 9 VHDL Units
Built simulation executable C:/Users/suvra/OneDrive/Desktop/Competitive Programming/UCSTA/VHDL Xilinx/mux4x1_dataflow/mux4x1_dataflow_tb_isim_beh.exe
Fuse Memory Usage: 35200 KB
Fuse CPU Usage: 967 ms
