Running: C:\Xilinx\14.7\ISE_DS\ISE\bin\nt64\unwrapped\fuse.exe -intstyle ise -incremental -o C:/Users/suvra/OneDrive/Desktop/Competitive Programming/UCSTA/VHDL Xilinx/Counter_UP_DOWN_4bit_Sync_Behavioural/Counter_UP_DOWN_4bit_Sync_Behavioural_tb_isim_beh.exe -prj C:/Users/suvra/OneDrive/Desktop/Competitive Programming/UCSTA/VHDL Xilinx/Counter_UP_DOWN_4bit_Sync_Behavioural/Counter_UP_DOWN_4bit_Sync_Behavioural_tb_beh.prj work.Counter_UP_DOWN_4bit_Sync_Behavioural_tb 
ISim P.20131013 (signature 0x7708f090)
Number of CPUs detected in this system: 8
Turning on mult-threading, number of parallel sub-compilation jobs: 16 
Determining compilation order of HDL files
Parsing VHDL file "C:/Users/suvra/OneDrive/Desktop/Competitive Programming/UCSTA/VHDL Xilinx/Counter_UP_DOWN_4bit_Sync_Behavioural/Counter_UP_DOWN_4bit_Sync_Behavioral_src.vhd" into library work
Parsing VHDL file "C:/Users/suvra/OneDrive/Desktop/Competitive Programming/UCSTA/VHDL Xilinx/Counter_UP_DOWN_4bit_Sync_Behavioural/Counter_UP_DOWN_4bit_Sync_Behavioural_tb.vhd" into library work
Starting static elaboration
Completed static elaboration
Compiling package standard
Compiling package std_logic_1164
Compiling package std_logic_arith
Compiling package std_logic_unsigned
Compiling architecture behavioral of entity Counter_UP_DOWN_4bit_Sync_Behavioural [counter_up_down_4bit_sync_behavi...]
Compiling architecture tb of entity counter_up_down_4bit_sync_behavi...
Time Resolution for simulation is 1ps.
Waiting for 1 sub-compilation(s) to finish...
Compiled 7 VHDL Units
Built simulation executable C:/Users/suvra/OneDrive/Desktop/Competitive Programming/UCSTA/VHDL Xilinx/Counter_UP_DOWN_4bit_Sync_Behavioural/Counter_UP_DOWN_4bit_Sync_Behavioural_tb_isim_beh.exe
Fuse Memory Usage: 34508 KB
Fuse CPU Usage: 687 ms
