Release 14.7 - xst P.20131013 (nt64)
Copyright (c) 1995-2013 Xilinx, Inc.  All rights reserved.
--> Parameter TMPDIR set to xst/projnav.tmp


Total REAL time to Xst completion: 0.00 secs
Total CPU time to Xst completion: 0.14 secs
 
--> Parameter xsthdpdir set to xst


Total REAL time to Xst completion: 0.00 secs
Total CPU time to Xst completion: 0.14 secs
 
--> Reading design: a_signal_out.prj

TABLE OF CONTENTS
  1) Synthesis Options Summary
  2) HDL Compilation
  3) Design Hierarchy Analysis
  4) HDL Analysis
  5) HDL Synthesis
     5.1) HDL Synthesis Report
  6) Advanced HDL Synthesis
     6.1) Advanced HDL Synthesis Report
  7) Low Level Synthesis
  8) Partition Report
  9) Final Report
	9.1) Device utilization summary
	9.2) Partition Resource Summary
	9.3) TIMING REPORT


=========================================================================
*                      Synthesis Options Summary                        *
=========================================================================
---- Source Parameters
Input File Name                    : "a_signal_out.prj"
Input Format                       : mixed
Ignore Synthesis Constraint File   : NO

---- Target Parameters
Output File Name                   : "a_signal_out"
Output Format                      : NGC
Target Device                      : xc3s100e-4-vq100

---- Source Options
Top Module Name                    : a_signal_out
Automatic FSM Extraction           : YES
FSM Encoding Algorithm             : Auto
Safe Implementation                : No
FSM Style                          : LUT
RAM Extraction                     : Yes
RAM Style                          : Auto
ROM Extraction                     : Yes
Mux Style                          : Auto
Decoder Extraction                 : YES
Priority Encoder Extraction        : Yes
Shift Register Extraction          : YES
Logical Shifter Extraction         : YES
XOR Collapsing                     : YES
ROM Style                          : Auto
Mux Extraction                     : Yes
Resource Sharing                   : YES
Asynchronous To Synchronous        : NO
Multiplier Style                   : Auto
Automatic Register Balancing       : No

---- Target Options
Add IO Buffers                     : YES
Global Maximum Fanout              : 100000
Add Generic Clock Buffer(BUFG)     : 24
Register Duplication               : YES
Slice Packing                      : YES
Optimize Instantiated Primitives   : NO
Use Clock Enable                   : Yes
Use Synchronous Set                : Yes
Use Synchronous Reset              : Yes
Pack IO Registers into IOBs        : Auto
Equivalent register Removal        : YES

---- General Options
Optimization Goal                  : Speed
Optimization Effort                : 1
Keep Hierarchy                     : No
Netlist Hierarchy                  : As_Optimized
RTL Output                         : Yes
Global Optimization                : AllClockNets
Read Cores                         : YES
Write Timing Constraints           : NO
Cross Clock Analysis               : NO
Hierarchy Separator                : /
Bus Delimiter                      : <>
Case Specifier                     : Maintain
Slice Utilization Ratio            : 100
BRAM Utilization Ratio             : 100
Verilog 2001                       : YES
Auto BRAM Packing                  : NO
Slice Utilization Ratio Delta      : 5

=========================================================================


=========================================================================
*                          HDL Compilation                              *
=========================================================================
Compiling vhdl file "C:/Users/suvra/OneDrive/Desktop/Competitive Programming/UCSTA/VHDL Xilinx/Seven_segment_decoder_Struct/xnor_gate2.vhd" in Library work.
Architecture xnor_gate2_dflow of Entity xnor_gate2 is up to date.
Compiling vhdl file "C:/Users/suvra/OneDrive/Desktop/Competitive Programming/UCSTA/VHDL Xilinx/Seven_segment_decoder_Struct/or_gate2.vhd" in Library work.
Architecture or_gate_dflow of Entity or_gate2 is up to date.
Compiling vhdl file "C:/Users/suvra/OneDrive/Desktop/Competitive Programming/UCSTA/VHDL Xilinx/Seven_segment_decoder_Struct/a_signal_out.vhd" in Library work.
Architecture a_signal_out_strctl of Entity a_signal_out is up to date.

=========================================================================
*                     Design Hierarchy Analysis                         *
=========================================================================
Analyzing hierarchy for entity <a_signal_out> in library <work> (architecture <a_signal_out_strctl>).

Analyzing hierarchy for entity <xnor_gate2> in library <work> (architecture <xnor_gate2_dflow>).

Analyzing hierarchy for entity <or_gate2> in library <work> (architecture <or_gate_dflow>).


=========================================================================
*                            HDL Analysis                               *
=========================================================================
Analyzing Entity <a_signal_out> in library <work> (Architecture <a_signal_out_strctl>).
Entity <a_signal_out> analyzed. Unit <a_signal_out> generated.

Analyzing Entity <xnor_gate2> in library <work> (Architecture <xnor_gate2_dflow>).
Entity <xnor_gate2> analyzed. Unit <xnor_gate2> generated.

Analyzing Entity <or_gate2> in library <work> (Architecture <or_gate_dflow>).
Entity <or_gate2> analyzed. Unit <or_gate2> generated.


=========================================================================
*                           HDL Synthesis                               *
=========================================================================

Performing bidirectional port resolution...

Synthesizing Unit <xnor_gate2>.
    Related source file is "C:/Users/suvra/OneDrive/Desktop/Competitive Programming/UCSTA/VHDL Xilinx/Seven_segment_decoder_Struct/xnor_gate2.vhd".
    Found 1-bit xor2 for signal <Z5$xor0000>.
Unit <xnor_gate2> synthesized.


Synthesizing Unit <or_gate2>.
    Related source file is "C:/Users/suvra/OneDrive/Desktop/Competitive Programming/UCSTA/VHDL Xilinx/Seven_segment_decoder_Struct/or_gate2.vhd".
Unit <or_gate2> synthesized.


Synthesizing Unit <a_signal_out>.
    Related source file is "C:/Users/suvra/OneDrive/Desktop/Competitive Programming/UCSTA/VHDL Xilinx/Seven_segment_decoder_Struct/a_signal_out.vhd".
Unit <a_signal_out> synthesized.


=========================================================================
HDL Synthesis Report

Macro Statistics
# Xors                                                 : 1
 1-bit xor2                                            : 1

=========================================================================

=========================================================================
*                       Advanced HDL Synthesis                          *
=========================================================================


=========================================================================
Advanced HDL Synthesis Report

Macro Statistics
# Xors                                                 : 1
 1-bit xor2                                            : 1

=========================================================================

=========================================================================
*                         Low Level Synthesis                           *
=========================================================================

Optimizing unit <a_signal_out> ...

Mapping all equations...
Building and optimizing final netlist ...
Found area constraint ratio of 100 (+ 5) on block a_signal_out, actual ratio is 0.

Final Macro Processing ...

=========================================================================
Final Register Report

Found no macro
=========================================================================

=========================================================================
*                           Partition Report                            *
=========================================================================

Partition Implementation Status
-------------------------------

  No Partitions were found in this design.

-------------------------------

=========================================================================
*                            Final Report                               *
=========================================================================
Final Results
RTL Top Level Output File Name     : a_signal_out.ngr
Top Level Output File Name         : a_signal_out
Output Format                      : NGC
Optimization Goal                  : Speed
Keep Hierarchy                     : No

Design Statistics
# IOs                              : 5

Cell Usage :
# BELS                             : 1
#      LUT4                        : 1
# IO Buffers                       : 5
#      IBUF                        : 4
#      OBUF                        : 1
=========================================================================

Device utilization summary:
---------------------------

Selected Device : 3s100evq100-4 

 Number of Slices:                        1  out of    960     0%  
 Number of 4 input LUTs:                  1  out of   1920     0%  
 Number of IOs:                           5
 Number of bonded IOBs:                   5  out of     66     7%  

---------------------------
Partition Resource Summary:
---------------------------

  No Partitions were found in this design.

---------------------------


=========================================================================
TIMING REPORT

NOTE: THESE TIMING NUMBERS ARE ONLY A SYNTHESIS ESTIMATE.
      FOR ACCURATE TIMING INFORMATION PLEASE REFER TO THE TRACE REPORT
      GENERATED AFTER PLACE-and-ROUTE.

Clock Information:
------------------
No clock signals found in this design

Asynchronous Control Signals Information:
----------------------------------------
No asynchronous control signals found in this design

Timing Summary:
---------------
Speed Grade: -4

   Minimum period: No path found
   Minimum input arrival time before clock: No path found
   Maximum output required time after clock: No path found
   Maximum combinational path delay: 6.209ns

Timing Detail:
--------------
All values displayed in nanoseconds (ns)

=========================================================================
Timing constraint: Default path analysis
  Total number of paths / destination ports: 4 / 1
-------------------------------------------------------------------------
Delay:               6.209ns (Levels of Logic = 3)
  Source:            S<0> (PAD)
  Destination:       a_out (PAD)

  Data Path: S<0> to a_out
                                Gate     Net
    Cell:in->out      fanout   Delay   Delay  Logical Name (Net Name)
    ----------------------------------------  ------------
     IBUF:I->O             1   1.218   0.595  S_0_IBUF (S_0_IBUF)
     LUT4:I0->O            1   0.704   0.420  T2/Z21 (a_out_OBUF)
     OBUF:I->O                 3.272          a_out_OBUF (a_out)
    ----------------------------------------
    Total                      6.209ns (5.194ns logic, 1.015ns route)
                                       (83.7% logic, 16.3% route)

=========================================================================


Total REAL time to Xst completion: 4.00 secs
Total CPU time to Xst completion: 4.64 secs
 
--> 

Total memory usage is 4497336 kilobytes

Number of errors   :    0 (   0 filtered)
Number of warnings :    0 (   0 filtered)
Number of infos    :    0 (   0 filtered)

