Command line:
   updown_count_isim_beh.exe
     -simmode  gui
     -simrunnum  0
     -socket  54416

Sun Jul 04 21:11:50 2021


 Elaboration Time: 0.046875 sec

 Current Memory Usage: 5150.05 Meg

 Total Signals          : 5
 Total Nets             : 11
 Total Signal Drivers   : 2
 Total Blocks           : 4
 Total Primitive Blocks : 4
 Total Processes        : 2
 Total Traceable Variables  : 10
 Total Scalar Nets and Variables : 389
Total Line Count : 6

 Total Simulation Time: 0.0625 sec

 Current Memory Usage: 5150.05 Meg

Sun Jul 04 21:12:01 2021

