 command line:
   ./alpha_tb_isim_beh.exe
     -intstyle  ise
     -ipchost  localhost
     -ipcport  50961

Wed May 05 12:54:02 2021

Total Line Count : 45

 Elaboration time : 0.015625 sec.

 Estimate current memory usage : 157.843 Meg. 

 Total Signals          : 6
 Total Nets             : 3
 Total Signal Drivers   : 3
 Total Blocks           : 7
 Total Primitive Blocks : 1
 Total Processes        : 3
 Total Traceable Variables  : 0
 Total Scalar Nets and Variables : 3
ntrace select -o on -m / -l this 
ntrace start 
isimrun 1000 ns 
Simulator is doing circuit initialization process.
Finished circuit initialization process.

 Simulation time 0.046875 sec.

 Estimate current memory usage : 163.316 Meg. 

Wed May 05 12:55:27 2021

